0 info it worked if it ends with ok
1 verbose cli [ '/usr/bin/nodejs', '/usr/bin/npm', 'run', 'createHook' ]
2 info using npm@3.5.2
3 info using node@v4.2.6
4 verbose run-script [ 'precreateHook', 'createHook', 'postcreateHook' ]
5 info lifecycle cordova-plugin-browsersync@0.1.8~precreateHook: cordova-plugin-browsersync@0.1.8
6 silly lifecycle cordova-plugin-browsersync@0.1.8~precreateHook: no script for precreateHook, continuing
7 info lifecycle cordova-plugin-browsersync@0.1.8~createHook: cordova-plugin-browsersync@0.1.8
8 verbose lifecycle cordova-plugin-browsersync@0.1.8~createHook: unsafe-perm in lifecycle true
9 verbose lifecycle cordova-plugin-browsersync@0.1.8~createHook: PATH: /usr/share/npm/bin/node-gyp-bin:/home/dave/AndroidStudioProjects/libreDiet/plugins/cordova-plugin-browsersync-master/node_modules/.bin:/home/dave/bin:/home/dave/.local/bin:/usr/local/sbin:/usr/local/bin:/usr/sbin:/usr/bin:/sbin:/bin:/usr/games:/usr/local/games:/home/dave/Android/Sdk/tools/:/home/dave/Android/Sdk/platform-tools/:/home/dave/Android/Sdk:/home/dave/android-studio/gradle/gradle-4.4/bin/:/home/dave/android-studio/:/home/dave/home/dave/Android/Sdk/tools:/home/dave/home/dave/Android/Sdk/platform-tools:/usr/lib/jvm/java-8-openjdk-amd64/bin
10 verbose lifecycle cordova-plugin-browsersync@0.1.8~createHook: CWD: /home/dave/AndroidStudioProjects/libreDiet/plugins/cordova-plugin-browsersync-master
11 silly lifecycle cordova-plugin-browsersync@0.1.8~createHook: Args: [ '-c',
11 silly lifecycle   'browserify --node --no-bundle-external --standalone=cordova-bs-plugin -o after_prepare.js -e lib/projectHook.js' ]
12 info lifecycle cordova-plugin-browsersync@0.1.8~createHook: Failed to exec createHook script
13 verbose stack Error: cordova-plugin-browsersync@0.1.8 createHook: `browserify --node --no-bundle-external --standalone=cordova-bs-plugin -o after_prepare.js -e lib/projectHook.js`
13 verbose stack spawn ENOENT
13 verbose stack     at ChildProcess.<anonymous> (/usr/share/npm/lib/utils/spawn.js:17:16)
13 verbose stack     at emitTwo (events.js:87:13)
13 verbose stack     at ChildProcess.emit (events.js:172:7)
13 verbose stack     at maybeClose (internal/child_process.js:821:16)
13 verbose stack     at Process.ChildProcess._handle.onexit (internal/child_process.js:211:5)
14 verbose pkgid cordova-plugin-browsersync@0.1.8
15 verbose cwd /home/dave/AndroidStudioProjects/libreDiet/plugins/cordova-plugin-browsersync-master
16 error Linux 4.13.0-38-generic
17 error argv "/usr/bin/nodejs" "/usr/bin/npm" "run" "createHook"
18 error node v4.2.6
19 error npm  v3.5.2
20 error file sh
21 error code ELIFECYCLE
22 error errno ENOENT
23 error syscall spawn
24 error cordova-plugin-browsersync@0.1.8 createHook: `browserify --node --no-bundle-external --standalone=cordova-bs-plugin -o after_prepare.js -e lib/projectHook.js`
24 error spawn ENOENT
25 error Failed at the cordova-plugin-browsersync@0.1.8 createHook script 'browserify --node --no-bundle-external --standalone=cordova-bs-plugin -o after_prepare.js -e lib/projectHook.js'.
25 error Make sure you have the latest version of node.js and npm installed.
25 error If you do, this is most likely a problem with the cordova-plugin-browsersync package,
25 error not with npm itself.
25 error Tell the author that this fails on your system:
25 error     browserify --node --no-bundle-external --standalone=cordova-bs-plugin -o after_prepare.js -e lib/projectHook.js
25 error You can get information on how to open an issue for this project with:
25 error     npm bugs cordova-plugin-browsersync
25 error Or if that isn't available, you can get their info via:
25 error     npm owner ls cordova-plugin-browsersync
25 error There is likely additional logging output above.
26 verbose exit [ 1, true ]
